<?xml version="1.0" encoding="UTF-8"?>
<!-- Generated by org.testng.reporters.JUnitReportReporter -->
<testsuite hostname="Host-003.lan" failures="0" tests="1" name="NonReg.TrustServices.SwornStatement" time="0.001" errors="0" timestamp="2025-03-08T18:07:40 CET" skipped="0">
  <testcase classname="NonReg.TrustServices.SwornStatement" name="f" time="0.001"/>
</testsuite> <!-- NonReg.TrustServices.SwornStatement -->
